Copyright 1986-2022 Xilinx, Inc. All Rights Reserved. Copyright 2022-2024 Advanced Micro Devices, Inc. All Rights Reserved.
-----------------------------------------------------------------------------------------------------------------------------------------------
| Tool Version : Vivado v.2024.2 (win64) Build 5239630 Fri Nov 08 22:35:27 MST 2024
| Date         : Mon Mar 31 22:26:30 2025
| Host         : DESKTOP-9MNJBAS running 64-bit major release  (build 9200)
| Command      : report_methodology -file top_methodology_drc_routed.rpt -pb top_methodology_drc_routed.pb -rpx top_methodology_drc_routed.rpx
| Design       : top
| Device       : xc7a50tfgg484-1
| Speed File   : -1
| Design State : Fully Routed
-----------------------------------------------------------------------------------------------------------------------------------------------

Report Methodology

Table of Contents
-----------------
1. REPORT SUMMARY
2. REPORT DETAILS

1. REPORT SUMMARY
-----------------
            Netlist: netlist
          Floorplan: design_1
      Design limits: <entire design considered>
             Max checks: <unlimited>
             Checks found: 6
+-----------+----------+-------------------------------+--------+
| Rule      | Severity | Description                   | Checks |
+-----------+----------+-------------------------------+--------+
| TIMING-18 | Warning  | Missing input or output delay | 6      |
+-----------+----------+-------------------------------+--------+

2. REPORT DETAILS
-----------------
TIMING-18#1 Warning
Missing input or output delay  
An input delay is missing on rst_n relative to the rising and/or falling clock edge(s) of rx_clk.
Related violations: <none>

TIMING-18#2 Warning
Missing input or output delay  
An output delay is missing on rgmii_txctl relative to the rising and/or falling clock edge(s) of rx_clk.
Related violations: <none>

TIMING-18#3 Warning
Missing input or output delay  
An output delay is missing on rgmii_txd[0] relative to the rising and/or falling clock edge(s) of rx_clk.
Related violations: <none>

TIMING-18#4 Warning
Missing input or output delay  
An output delay is missing on rgmii_txd[1] relative to the rising and/or falling clock edge(s) of rx_clk.
Related violations: <none>

TIMING-18#5 Warning
Missing input or output delay  
An output delay is missing on rgmii_txd[2] relative to the rising and/or falling clock edge(s) of rx_clk.
Related violations: <none>

TIMING-18#6 Warning
Missing input or output delay  
An output delay is missing on rgmii_txd[3] relative to the rising and/or falling clock edge(s) of rx_clk.
Related violations: <none>


